<?xml version="1.0" encoding="UTF-8"?>
<!-- Generated by org.testng.reporters.JUnitReportReporter -->
<testsuite hostname="LAPTOP-DO76H55B" failures="0" tests="1" name="Hackathon.LanguageLearning" time="22.214" errors="0" timestamp="2021-04-16T00:37:58 IST" skipped="0">
  <testcase classname="Hackathon.LanguageLearning" name="Explore" time="22.214"/>
  <system-out>
Total count of Languages : 0   </system-out>
</testsuite> <!-- Hackathon.LanguageLearning -->
