<?xml version="1.0" encoding="UTF-8"?>
<!-- Generated by org.testng.reporters.JUnitReportReporter -->
<testsuite hostname="DELL-PC" failures="0" tests="2" name="Hackathon.formFilling" time="273.460" errors="0" timestamp="2021-05-26T11:59:52 IST" skipped="0">
  <testcase classname="Hackathon.formFilling" name="ForEnterprise" time="31.436"/>
  <system-out/>
  <testcase classname="Hackathon.formFilling" name="FillForm" time="242.024"/>
  <system-out/>
</testsuite> <!-- Hackathon.formFilling -->
