<?xml version="1.0" encoding="UTF-8"?>
<!-- Generated by org.testng.reporters.JUnitReportReporter -->
<testsuite hostname="DELL-PC" failures="0" tests="6" name="Hackathon.IdentifyCourses" time="85.653" errors="0" timestamp="2021-05-26T11:59:52 IST" skipped="0">
  <testcase classname="Hackathon.IdentifyCourses" name="searchCourse" time="46.155"/>
  <system-out/>
  <testcase classname="Hackathon.IdentifyCourses" name="selectLanguage" time="16.454"/>
  <system-out>
Total count of Languages : 9  English Spanish French Russian Portuguese (Portugal) German Arabic Vietnamese Italian  </system-out>
  <testcase classname="Hackathon.IdentifyCourses" name="selectLevel" time="4.002"/>
  <system-out>
 Total count of Level : 4 Beginner Intermediate Mixed Advanced  </system-out>
  <testcase classname="Hackathon.IdentifyCourses" name="firstCourse" time="14.983"/>
  <system-out>
  Details of First Course :   Course Name - Search Engine Optimization (SEO) Course Rating - 4.6 Course Duration -   </system-out>
  <testcase classname="Hackathon.IdentifyCourses" name="screenShot" time="0.608"/>
  <system-out/>
  <testcase classname="Hackathon.IdentifyCourses" name="secondCourse" time="3.451"/>
  <system-out>
  Details of Second Course :   Course Name - Introduction to Web Development Course Rating - 4.7 Course Duration -   </system-out>
</testsuite> <!-- Hackathon.IdentifyCourses -->
